0 info it worked if it ends with ok
1 verbose cli [ 'node', '/home/justin/.linuxbrew/bin/npm', 'start' ]
2 info using npm@2.0.0-beta.3
3 info using node@v0.10.31
4 verbose node symlink /home/justin/.linuxbrew/bin/node
5 verbose run-script [ 'prestart', 'start', 'poststart' ]
6 info prestart Tremedic@0.0.0
7 info start Tremedic@0.0.0
8 verbose unsafe-perm in lifecycle true
9 info Tremedic@0.0.0 Failed to exec start script
10 error Tremedic@0.0.0 start: `node app.js`
10 error Exit status 8
11 error Failed at the Tremedic@0.0.0 start script.
11 error This is most likely a problem with the Tremedic package,
11 error not with npm itself.
11 error Tell the author that this fails on your system:
11 error     node app.js
11 error You can get their info via:
11 error     npm owner ls Tremedic
11 error There is likely additional logging output above.
12 error System Linux 3.13.0-24-generic
13 error command "node" "/home/justin/.linuxbrew/bin/npm" "start"
14 error cwd /home/justin/Development/code/Tremedic
15 error node -v v0.10.31
16 error npm -v 2.0.0-beta.3
17 error code ELIFECYCLE
18 verbose exit [ 1, true ]
